2025-03-09 18:52:05 [info]: Server started on port 3000 {"metadata":{"env":"development","appName":"Anubis"}}
2025-03-09 18:52:05 [info]: Commands loaded successfully {"metadata":{}}
2025-03-09 18:57:33 [info]: Server started on port 3000 {"metadata":{"env":"development","appName":"Anubis"}}
2025-03-09 18:57:33 [info]: Commands loaded successfully {"metadata":{}}
2025-03-09 18:58:17 [info]: Server started on port 3000 {"metadata":{"env":"development","appName":"Anubis"}}
2025-03-09 18:58:17 [info]: Commands loaded successfully {"metadata":{}}
2025-03-09 19:00:41 [info]: Server started on port 3000 {"metadata":{"env":"development","appName":"Anubis"}}
2025-03-09 19:00:41 [info]: Loaded command: save {"metadata":{}}
2025-03-09 19:00:41 [info]: Loaded command: test {"metadata":{}}
2025-03-09 19:00:41 [info]: Commands loaded successfully {"metadata":{}}
2025-03-09 19:00:49 [info]: Server started on port 3000 {"metadata":{"env":"development","appName":"Anubis"}}
2025-03-09 19:00:49 [info]: Loaded command: save {"metadata":{}}
2025-03-09 19:00:49 [info]: Loaded command: test {"metadata":{}}
2025-03-09 19:00:49 [info]: Commands loaded successfully {"metadata":{}}
2025-03-09 19:00:57 [info]: Database initialized successfully {"metadata":{}}
2025-03-09 19:00:57 [info]: Server started on port 3000 {"metadata":{"env":"development","appName":"Anubis"}}
2025-03-09 19:00:57 [info]: Loaded command: save {"metadata":{}}
2025-03-09 19:00:57 [info]: Loaded command: test {"metadata":{}}
2025-03-09 19:00:57 [info]: Commands loaded successfully {"metadata":{}}
2025-03-09 19:01:05 [info]: Database initialized successfully {"metadata":{}}
2025-03-09 19:01:05 [info]: Server started on port 3000 {"metadata":{"env":"development","appName":"Anubis"}}
2025-03-09 19:01:05 [info]: Loaded command: save {"metadata":{}}
2025-03-09 19:01:05 [info]: Loaded command: test {"metadata":{}}
2025-03-09 19:01:05 [info]: Commands loaded successfully {"metadata":{}}
2025-03-09 19:01:11 [info]: Database initialized successfully {"metadata":{}}
2025-03-09 19:01:11 [info]: Server started on port 3000 {"metadata":{"env":"development","appName":"Anubis"}}
2025-03-09 19:01:11 [info]: Loaded command: save {"metadata":{}}
2025-03-09 19:01:11 [info]: Loaded command: test {"metadata":{}}
2025-03-09 19:01:11 [info]: Commands loaded successfully {"metadata":{}}
2025-03-09 19:01:14 [info]: Database initialized successfully {"metadata":{}}
2025-03-09 19:01:14 [info]: Server started on port 3000 {"metadata":{"env":"development","appName":"Anubis"}}
2025-03-09 19:01:14 [info]: Loaded command: save {"metadata":{}}
2025-03-09 19:01:14 [info]: Loaded command: test {"metadata":{}}
2025-03-09 19:01:14 [info]: Commands loaded successfully {"metadata":{}}
2025-03-09 19:01:21 [info]: Database initialized successfully {"metadata":{}}
2025-03-09 19:01:21 [info]: Server started on port 3000 {"metadata":{"env":"development","appName":"Anubis"}}
2025-03-09 19:01:21 [info]: Loaded command: save {"metadata":{}}
2025-03-09 19:01:21 [info]: Loaded command: test {"metadata":{}}
2025-03-09 19:01:21 [info]: Commands loaded successfully {"metadata":{}}
2025-03-09 19:01:23 [info]: Database initialized successfully {"metadata":{}}
2025-03-09 19:01:23 [info]: Server started on port 3000 {"metadata":{"env":"development","appName":"Anubis"}}
2025-03-09 19:01:23 [info]: Loaded command: save {"metadata":{}}
2025-03-09 19:01:23 [info]: Loaded command: test {"metadata":{}}
2025-03-09 19:01:23 [info]: Commands loaded successfully {"metadata":{}}
2025-03-09 19:01:26 [info]: Database initialized successfully {"metadata":{}}
2025-03-09 19:01:26 [info]: Server started on port 3000 {"metadata":{"env":"development","appName":"Anubis"}}
2025-03-09 19:01:26 [info]: Loaded command: save {"metadata":{}}
2025-03-09 19:01:26 [info]: Loaded command: test {"metadata":{}}
2025-03-09 19:01:26 [info]: Commands loaded successfully {"metadata":{}}
2025-03-09 19:01:29 [info]: Database initialized successfully {"metadata":{}}
2025-03-09 19:01:29 [info]: Server started on port 3000 {"metadata":{"env":"development","appName":"Anubis"}}
2025-03-09 19:01:29 [info]: Loaded command: save {"metadata":{}}
2025-03-09 19:01:29 [info]: Loaded command: test {"metadata":{}}
2025-03-09 19:01:29 [info]: Commands loaded successfully {"metadata":{}}
2025-03-09 19:15:34 [info]: Database initialized successfully {"metadata":{}}
2025-03-09 19:15:34 [info]: Server started on port 3000 {"metadata":{"env":"development","appName":"Anubis"}}
2025-03-09 19:15:34 [info]: Loaded command: save {"metadata":{}}
2025-03-09 19:15:34 [info]: Loaded command: test {"metadata":{}}
2025-03-09 19:15:34 [info]: Commands loaded successfully {"metadata":{}}
2025-03-09 19:15:48 [info]: Database initialized successfully {"metadata":{}}
2025-03-09 19:15:48 [info]: Server started on port 3000 {"metadata":{"env":"development","appName":"Anubis"}}
2025-03-09 19:15:48 [info]: Loaded command: save {"metadata":{}}
2025-03-09 19:15:48 [info]: Loaded command: test {"metadata":{}}
2025-03-09 19:15:48 [info]: Commands loaded successfully {"metadata":{}}
2025-03-09 19:15:58 [info]: Database initialized successfully {"metadata":{}}
2025-03-09 19:15:58 [info]: Server started on port 3000 {"metadata":{"env":"development","appName":"Anubis"}}
2025-03-09 19:15:58 [info]: Loaded command: save {"metadata":{}}
2025-03-09 19:15:58 [info]: Loaded command: test {"metadata":{}}
2025-03-09 19:15:58 [info]: Commands loaded successfully {"metadata":{}}
2025-03-09 19:15:59 [info]: Database initialized successfully {"metadata":{}}
2025-03-09 19:15:59 [info]: Server started on port 3000 {"metadata":{"env":"development","appName":"Anubis"}}
2025-03-09 19:15:59 [info]: Loaded command: save {"metadata":{}}
2025-03-09 19:15:59 [info]: Loaded command: test {"metadata":{}}
2025-03-09 19:15:59 [info]: Commands loaded successfully {"metadata":{}}
2025-03-09 19:16:10 [info]: Database initialized successfully {"metadata":{}}
2025-03-09 19:16:10 [info]: Server started on port 3000 {"metadata":{"env":"development","appName":"Anubis"}}
2025-03-09 19:16:10 [info]: Loaded command: save {"metadata":{}}
2025-03-09 19:16:10 [info]: Loaded command: test {"metadata":{}}
2025-03-09 19:16:10 [info]: Commands loaded successfully {"metadata":{}}
2025-03-09 19:16:29 [info]: Database initialized successfully {"metadata":{}}
2025-03-09 19:16:29 [info]: Server started on port 3000 {"metadata":{"env":"development","appName":"Anubis"}}
2025-03-09 19:16:29 [info]: Loaded command: save {"metadata":{}}
2025-03-09 19:16:29 [info]: Loaded command: test {"metadata":{}}
2025-03-09 19:16:29 [info]: Commands loaded successfully {"metadata":{}}
2025-03-09 19:16:31 [info]: Database initialized successfully {"metadata":{}}
2025-03-09 19:16:31 [info]: Server started on port 3000 {"metadata":{"env":"development","appName":"Anubis"}}
2025-03-09 19:16:31 [info]: Loaded command: save {"metadata":{}}
2025-03-09 19:16:31 [info]: Loaded command: test {"metadata":{}}
2025-03-09 19:16:31 [info]: Commands loaded successfully {"metadata":{}}
2025-03-09 19:21:07 [info]: Database and prepared statements initialized successfully {"metadata":{}}
2025-03-09 19:21:07 [info]: Server started on port 3000 {"metadata":{"env":"development","appName":"Anubis"}}
2025-03-09 19:21:07 [info]: Loaded command: save {"metadata":{}}
2025-03-09 19:21:07 [info]: Loaded command: test {"metadata":{}}
2025-03-09 19:21:07 [info]: Commands loaded successfully {"metadata":{}}
